<?xml version="1.0" encoding="UTF-8"?>
<!-- Generated by org.testng.reporters.JUnitXMLReporter -->
<testsuite ignored="3" hostname="DESKTOP-H0UUMJ5" failures="0" tests="0" time="0.0" errors="0" timestamp="2024-10-03T10:57:35 IST">
  <testcase classname="com.Appium.ReportDownloading" name="DownloadingECG_Report" time="0.0">
    <ignored/>
  </testcase> <!-- DownloadingECG_Report -->
  <testcase classname="com.Appium.ReportDownloading" name="DownloadingHR_Report" time="0.0">
    <ignored/>
  </testcase> <!-- DownloadingHR_Report -->
  <testcase classname="com.Appium.ReportDownloading" name="DownloadingSpO2_Report" time="0.0">
    <ignored/>
  </testcase> <!-- DownloadingSpO2_Report -->
</testsuite>
